<?xml version="1.0" encoding="UTF-8"?>
<!-- Generated by org.testng.reporters.JUnitReportReporter -->
<testsuite hostname="DESKTOP-N4ELI3P" failures="0" tests="2" name="com.socialmedia.qa.tests.LoginPageTest" time="4.155" errors="0" timestamp="2024-11-12T01:14:06 EST" skipped="0">
  <testcase classname="com.socialmedia.qa.tests.LoginPageTest" name="loginPageTitleTest" time="1.732"/>
  <testcase classname="com.socialmedia.qa.tests.LoginPageTest" name="loginTest" time="2.423"/>
</testsuite> <!-- com.socialmedia.qa.tests.LoginPageTest -->
