<?xml version="1.0" encoding="UTF-8"?>
<!-- Generated by org.testng.reporters.JUnitReportReporter -->
<testsuite hostname="DESKTOP-N4ELI3P" failures="0" tests="2" name="com.socialmedia.qa.tests.LoginPageTest" time="5.681" errors="0" timestamp="2024-11-12T13:35:23 EST" skipped="0">
  <testcase classname="com.socialmedia.qa.tests.LoginPageTest" name="loginPageTitleTest" time="2.261"/>
  <testcase classname="com.socialmedia.qa.tests.LoginPageTest" name="loginTest" time="3.420"/>
</testsuite> <!-- com.socialmedia.qa.tests.LoginPageTest -->
