<?xml version="1.0" encoding="UTF-8"?>
<!-- Generated by org.testng.reporters.JUnitReportReporter -->
<testsuite hostname="DESKTOP-N4ELI3P" failures="0" tests="2" name="com.socialmedia.qa.tests.HomePageTest" time="5.343" errors="0" timestamp="2024-11-13T22:19:31 EST" skipped="0">
  <testcase classname="com.socialmedia.qa.tests.HomePageTest" name="verifyHomePageTitleTest" time="2.662"/>
  <testcase classname="com.socialmedia.qa.tests.HomePageTest" name="verifyHomeTextTest" time="2.681"/>
</testsuite> <!-- com.socialmedia.qa.tests.HomePageTest -->
