<?xml version="1.0" encoding="UTF-8"?>
<!-- Generated by org.testng.reporters.JUnitReportReporter -->
<testsuite hostname="DESKTOP-N4ELI3P" failures="0" tests="3" name="com.socialmedia.qa.tests.LoginPageTest" time="10.305" errors="0" timestamp="2024-11-13T22:19:31 EST" skipped="0">
  <testcase classname="com.socialmedia.qa.tests.LoginPageTest" name="loginPageTitleTest" time="2.812"/>
  <testcase classname="com.socialmedia.qa.tests.LoginPageTest" name="loginTest" time="3.763"/>
  <testcase classname="com.socialmedia.qa.tests.LoginPageTest" name="loginTest" time="3.730"/>
</testsuite> <!-- com.socialmedia.qa.tests.LoginPageTest -->
